note: Using new build system
note: Planning build
note: Constructing build description
ProcessInfoPlistFile /Users/ban/Library/Developer/Xcode/DerivedData/Clocker-hedsfmwngzzibwbekcsaudypqlfo/Build/Products/Debug/ShortcutRecorder.framework/Versions/A/Resources/Info.plist /Users/ban/Documents/GitHub/Clocker/Clocker/Clocker/ShortcutRecorder-master/Library/Info.plist (in target: ShortcutRecorder.framework)
    cd /Users/ban/Documents/GitHub/Clocker/Clocker/Clocker/ShortcutRecorder-master
    builtin-infoPlistUtility /Users/ban/Documents/GitHub/Clocker/Clocker/Clocker/ShortcutRecorder-master/Library/Info.plist -producttype com.apple.product-type.framework -expandbuildsettings -platform macosx -o /Users/ban/Library/Developer/Xcode/DerivedData/Clocker-hedsfmwngzzibwbekcsaudypqlfo/Build/Products/Debug/ShortcutRecorder.framework/Versions/A/Resources/Info.plist

GenerateDSYMFile /Users/ban/Library/Developer/Xcode/DerivedData/Clocker-hedsfmwngzzibwbekcsaudypqlfo/Build/Products/Debug/ShortcutRecorder.framework.dSYM /Users/ban/Library/Developer/Xcode/DerivedData/Clocker-hedsfmwngzzibwbekcsaudypqlfo/Build/Products/Debug/ShortcutRecorder.framework/Versions/A/ShortcutRecorder (in target: ShortcutRecorder.framework)
    cd /Users/ban/Documents/GitHub/Clocker/Clocker/Clocker/ShortcutRecorder-master
    /Applications/Xcode_10.2_fb.app/Contents/Developer/Toolchains/XcodeDefault.xctoolchain/usr/bin/dsymutil /Users/ban/Library/Developer/Xcode/DerivedData/Clocker-hedsfmwngzzibwbekcsaudypqlfo/Build/Products/Debug/ShortcutRecorder.framework/Versions/A/ShortcutRecorder -o /Users/ban/Library/Developer/Xcode/DerivedData/Clocker-hedsfmwngzzibwbekcsaudypqlfo/Build/Products/Debug/ShortcutRecorder.framework.dSYM

ProcessProductPackaging "" /Users/ban/Library/Developer/Xcode/DerivedData/Clocker-hedsfmwngzzibwbekcsaudypqlfo/Build/Intermediates.noindex/Clocker.build/Debug/ClockerHelper.build/ClockerHelper.app.xcent (in target: ClockerHelper)
    cd /Users/ban/Documents/GitHub/Clocker/Clocker
    

Entitlements:

{
    "com.apple.security.app-sandbox" = 1;
    "com.apple.security.get-task-allow" = 1;
}


    builtin-productPackagingUtility -entitlements -format xml -o /Users/ban/Library/Developer/Xcode/DerivedData/Clocker-hedsfmwngzzibwbekcsaudypqlfo/Build/Intermediates.noindex/Clocker.build/Debug/ClockerHelper.build/ClockerHelper.app.xcent

ProcessInfoPlistFile /Users/ban/Library/Developer/Xcode/DerivedData/Clocker-hedsfmwngzzibwbekcsaudypqlfo/Build/Products/Debug/ClockerHelper.app/Contents/Info.plist /Users/ban/Documents/GitHub/Clocker/Clocker/ClockerHelper/Info.plist (in target: ClockerHelper)
    cd /Users/ban/Documents/GitHub/Clocker/Clocker
    builtin-infoPlistUtility /Users/ban/Documents/GitHub/Clocker/Clocker/ClockerHelper/Info.plist -producttype com.apple.product-type.application -genpkginfo /Users/ban/Library/Developer/Xcode/DerivedData/Clocker-hedsfmwngzzibwbekcsaudypqlfo/Build/Products/Debug/ClockerHelper.app/Contents/PkgInfo -expandbuildsettings -platform macosx -additionalcontentfile /Users/ban/Library/Developer/Xcode/DerivedData/Clocker-hedsfmwngzzibwbekcsaudypqlfo/Build/Intermediates.noindex/Clocker.build/Debug/ClockerHelper.build/Base.lproj/Main-SBPartialInfo.plist -additionalcontentfile /Users/ban/Library/Developer/Xcode/DerivedData/Clocker-hedsfmwngzzibwbekcsaudypqlfo/Build/Intermediates.noindex/Clocker.build/Debug/ClockerHelper.build/assetcatalog_generated_info.plist -o /Users/ban/Library/Developer/Xcode/DerivedData/Clocker-hedsfmwngzzibwbekcsaudypqlfo/Build/Products/Debug/ClockerHelper.app/Contents/Info.plist

CodeSign /Users/ban/Library/Developer/Xcode/DerivedData/Clocker-hedsfmwngzzibwbekcsaudypqlfo/Build/Products/Debug/ClockerHelper.app (in target: ClockerHelper)
    cd /Users/ban/Documents/GitHub/Clocker/Clocker
    export CODESIGN_ALLOCATE=/Applications/Xcode_10.2_fb.app/Contents/Developer/Toolchains/XcodeDefault.xctoolchain/usr/bin/codesign_allocate
    
Signing Identity:     "-"

    /usr/bin/codesign --force --sign - --entitlements /Users/ban/Library/Developer/Xcode/DerivedData/Clocker-hedsfmwngzzibwbekcsaudypqlfo/Build/Intermediates.noindex/Clocker.build/Debug/ClockerHelper.build/ClockerHelper.app.xcent --timestamp=none /Users/ban/Library/Developer/Xcode/DerivedData/Clocker-hedsfmwngzzibwbekcsaudypqlfo/Build/Products/Debug/ClockerHelper.app
/Users/ban/Library/Developer/Xcode/DerivedData/Clocker-hedsfmwngzzibwbekcsaudypqlfo/Build/Products/Debug/ClockerHelper.app: replacing existing signature

ProcessInfoPlistFile /Users/ban/Library/Developer/Xcode/DerivedData/Clocker-hedsfmwngzzibwbekcsaudypqlfo/Build/Products/Debug/PTHotKey.framework/Versions/A/Resources/Info.plist /Users/ban/Documents/GitHub/Clocker/Clocker/Clocker/ShortcutRecorder-master/PTHotKey/Info.plist (in target: PTHotKey.framework)
    cd /Users/ban/Documents/GitHub/Clocker/Clocker/Clocker/ShortcutRecorder-master
    builtin-infoPlistUtility /Users/ban/Documents/GitHub/Clocker/Clocker/Clocker/ShortcutRecorder-master/PTHotKey/Info.plist -producttype com.apple.product-type.framework -expandbuildsettings -platform macosx -o /Users/ban/Library/Developer/Xcode/DerivedData/Clocker-hedsfmwngzzibwbekcsaudypqlfo/Build/Products/Debug/PTHotKey.framework/Versions/A/Resources/Info.plist

GenerateDSYMFile /Users/ban/Library/Developer/Xcode/DerivedData/Clocker-hedsfmwngzzibwbekcsaudypqlfo/Build/Products/Debug/PTHotKey.framework.dSYM /Users/ban/Library/Developer/Xcode/DerivedData/Clocker-hedsfmwngzzibwbekcsaudypqlfo/Build/Products/Debug/PTHotKey.framework/Versions/A/PTHotKey (in target: PTHotKey.framework)
    cd /Users/ban/Documents/GitHub/Clocker/Clocker/Clocker/ShortcutRecorder-master
    /Applications/Xcode_10.2_fb.app/Contents/Developer/Toolchains/XcodeDefault.xctoolchain/usr/bin/dsymutil /Users/ban/Library/Developer/Xcode/DerivedData/Clocker-hedsfmwngzzibwbekcsaudypqlfo/Build/Products/Debug/PTHotKey.framework/Versions/A/PTHotKey -o /Users/ban/Library/Developer/Xcode/DerivedData/Clocker-hedsfmwngzzibwbekcsaudypqlfo/Build/Products/Debug/PTHotKey.framework.dSYM

ProcessProductPackaging "" /Users/ban/Library/Developer/Xcode/DerivedData/Clocker-hedsfmwngzzibwbekcsaudypqlfo/Build/Intermediates.noindex/Clocker.build/Debug/Clocker.build/Clocker.app.xcent (in target: Clocker)
    cd /Users/ban/Documents/GitHub/Clocker/Clocker
    

Entitlements:

{
    "com.apple.security.app-sandbox" = 1;
    "com.apple.security.get-task-allow" = 1;
    "com.apple.security.network.client" = 1;
    "com.apple.security.personal-information.calendars" = 1;
    "com.apple.security.temporary-exception.apple-events" =     (
        "com.apple.reminders"
    );
}


    builtin-productPackagingUtility -entitlements -format xml -o /Users/ban/Library/Developer/Xcode/DerivedData/Clocker-hedsfmwngzzibwbekcsaudypqlfo/Build/Intermediates.noindex/Clocker.build/Debug/Clocker.build/Clocker.app.xcent

PhaseScriptExecution Run\ Script /Users/ban/Library/Developer/Xcode/DerivedData/Clocker-hedsfmwngzzibwbekcsaudypqlfo/Build/Intermediates.noindex/Clocker.build/Debug/Clocker.build/Script-9A4379201BEC220200F4E27F.sh (in target: Clocker)
    cd /Users/ban/Documents/GitHub/Clocker/Clocker
    /bin/sh -c /Users/ban/Library/Developer/Xcode/DerivedData/Clocker-hedsfmwngzzibwbekcsaudypqlfo/Build/Intermediates.noindex/Clocker.build/Debug/Clocker.build/Script-9A4379201BEC220200F4E27F.sh

PBXCp /Users/ban/Library/Developer/Xcode/DerivedData/Clocker-hedsfmwngzzibwbekcsaudypqlfo/Build/Products/Debug/ClockerHelper.app /Users/ban/Library/Developer/Xcode/DerivedData/Clocker-hedsfmwngzzibwbekcsaudypqlfo/Build/Products/Debug/Clocker.app/Contents/Library/LoginItems/ClockerHelper.app (in target: Clocker)
    cd /Users/ban/Documents/GitHub/Clocker/Clocker
    builtin-copy -exclude .DS_Store -exclude CVS -exclude .svn -exclude .git -exclude .hg -exclude Headers -exclude PrivateHeaders -exclude Modules -exclude \*.tbd -resolve-src-symlinks /Users/ban/Library/Developer/Xcode/DerivedData/Clocker-hedsfmwngzzibwbekcsaudypqlfo/Build/Products/Debug/ClockerHelper.app /Users/ban/Library/Developer/Xcode/DerivedData/Clocker-hedsfmwngzzibwbekcsaudypqlfo/Build/Products/Debug/Clocker.app/Contents/Library/LoginItems

ProcessInfoPlistFile /Users/ban/Library/Developer/Xcode/DerivedData/Clocker-hedsfmwngzzibwbekcsaudypqlfo/Build/Products/Debug/Clocker.app/Contents/Info.plist /Users/ban/Documents/GitHub/Clocker/Clocker/Clocker/Clocker-Info.plist (in target: Clocker)
    cd /Users/ban/Documents/GitHub/Clocker/Clocker
    builtin-infoPlistUtility /Users/ban/Documents/GitHub/Clocker/Clocker/Clocker/Clocker-Info.plist -producttype com.apple.product-type.application -genpkginfo /Users/ban/Library/Developer/Xcode/DerivedData/Clocker-hedsfmwngzzibwbekcsaudypqlfo/Build/Products/Debug/Clocker.app/Contents/PkgInfo -expandbuildsettings -platform macosx -additionalcontentfile /Users/ban/Library/Developer/Xcode/DerivedData/Clocker-hedsfmwngzzibwbekcsaudypqlfo/Build/Intermediates.noindex/Clocker.build/Debug/Clocker.build/AppFeedbackWindow-PartialInfo.plist -additionalcontentfile /Users/ban/Library/Developer/Xcode/DerivedData/Clocker-hedsfmwngzzibwbekcsaudypqlfo/Build/Intermediates.noindex/Clocker.build/Debug/Clocker.build/Preferences-SBPartialInfo.plist -additionalcontentfile /Users/ban/Library/Developer/Xcode/DerivedData/Clocker-hedsfmwngzzibwbekcsaudypqlfo/Build/Intermediates.noindex/Clocker.build/Debug/Clocker.build/en.lproj/Panel-PartialInfo.plist -additionalcontentfile /Users/ban/Library/Developer/Xcode/DerivedData/Clocker-hedsfmwngzzibwbekcsaudypqlfo/Build/Intermediates.noindex/Clocker.build/Debug/Clocker.build/FloatingWindow-PartialInfo.plist -additionalcontentfile /Users/ban/Library/Developer/Xcode/DerivedData/Clocker-hedsfmwngzzibwbekcsaudypqlfo/Build/Intermediates.noindex/Clocker.build/Debug/Clocker.build/WelcomeView-PartialInfo.plist -additionalcontentfile /Users/ban/Library/Developer/Xcode/DerivedData/Clocker-hedsfmwngzzibwbekcsaudypqlfo/Build/Intermediates.noindex/Clocker.build/Debug/Clocker.build/Onboarding-SBPartialInfo.plist -additionalcontentfile /Users/ban/Library/Developer/Xcode/DerivedData/Clocker-hedsfmwngzzibwbekcsaudypqlfo/Build/Intermediates.noindex/Clocker.build/Debug/Clocker.build/NotesPopover-PartialInfo.plist -additionalcontentfile /Users/ban/Library/Developer/Xcode/DerivedData/Clocker-hedsfmwngzzibwbekcsaudypqlfo/Build/Intermediates.noindex/Clocker.build/Debug/Clocker.build/MainMenu-PartialInfo.plist -additionalcontentfile /Users/ban/Library/Developer/Xcode/DerivedData/Clocker-hedsfmwngzzibwbekcsaudypqlfo/Build/Intermediates.noindex/Clocker.build/Debug/Clocker.build/assetcatalog_generated_info.plist -o /Users/ban/Library/Developer/Xcode/DerivedData/Clocker-hedsfmwngzzibwbekcsaudypqlfo/Build/Products/Debug/Clocker.app/Contents/Info.plist

GenerateDSYMFile /Users/ban/Library/Developer/Xcode/DerivedData/Clocker-hedsfmwngzzibwbekcsaudypqlfo/Build/Products/Debug/Clocker.app.dSYM /Users/ban/Library/Developer/Xcode/DerivedData/Clocker-hedsfmwngzzibwbekcsaudypqlfo/Build/Products/Debug/Clocker.app/Contents/MacOS/Clocker (in target: Clocker)
    cd /Users/ban/Documents/GitHub/Clocker/Clocker
    /Applications/Xcode_10.2_fb.app/Contents/Developer/Toolchains/XcodeDefault.xctoolchain/usr/bin/dsymutil /Users/ban/Library/Developer/Xcode/DerivedData/Clocker-hedsfmwngzzibwbekcsaudypqlfo/Build/Products/Debug/Clocker.app/Contents/MacOS/Clocker -o /Users/ban/Library/Developer/Xcode/DerivedData/Clocker-hedsfmwngzzibwbekcsaudypqlfo/Build/Products/Debug/Clocker.app.dSYM

ValidateEmbeddedBinary /Users/ban/Library/Developer/Xcode/DerivedData/Clocker-hedsfmwngzzibwbekcsaudypqlfo/Build/Products/Debug/Clocker.app/Contents/Library/LoginItems/ClockerHelper.app (in target: Clocker)
    cd /Users/ban/Documents/GitHub/Clocker/Clocker
    builtin-embeddedBinaryValidationUtility /Users/ban/Library/Developer/Xcode/DerivedData/Clocker-hedsfmwngzzibwbekcsaudypqlfo/Build/Products/Debug/Clocker.app/Contents/Library/LoginItems/ClockerHelper.app -signing-cert - -info-plist-path /Users/ban/Library/Developer/Xcode/DerivedData/Clocker-hedsfmwngzzibwbekcsaudypqlfo/Build/Products/Debug/Clocker.app/Contents/Info.plist

PBXCp /Users/ban/Library/Developer/Xcode/DerivedData/Clocker-hedsfmwngzzibwbekcsaudypqlfo/Build/Products/Debug/ShortcutRecorder.framework /Users/ban/Library/Developer/Xcode/DerivedData/Clocker-hedsfmwngzzibwbekcsaudypqlfo/Build/Products/Debug/Clocker.app/Contents/Frameworks/ShortcutRecorder.framework (in target: Clocker)
    cd /Users/ban/Documents/GitHub/Clocker/Clocker
    builtin-copy -exclude .DS_Store -exclude CVS -exclude .svn -exclude .git -exclude .hg -exclude Headers -exclude PrivateHeaders -exclude Modules -exclude \*.tbd -resolve-src-symlinks /Users/ban/Library/Developer/Xcode/DerivedData/Clocker-hedsfmwngzzibwbekcsaudypqlfo/Build/Products/Debug/ShortcutRecorder.framework /Users/ban/Library/Developer/Xcode/DerivedData/Clocker-hedsfmwngzzibwbekcsaudypqlfo/Build/Products/Debug/Clocker.app/Contents/Frameworks

PBXCp /Users/ban/Library/Developer/Xcode/DerivedData/Clocker-hedsfmwngzzibwbekcsaudypqlfo/Build/Products/Debug/PTHotKey.framework /Users/ban/Library/Developer/Xcode/DerivedData/Clocker-hedsfmwngzzibwbekcsaudypqlfo/Build/Products/Debug/Clocker.app/Contents/Frameworks/PTHotKey.framework (in target: Clocker)
    cd /Users/ban/Documents/GitHub/Clocker/Clocker
    builtin-copy -exclude .DS_Store -exclude CVS -exclude .svn -exclude .git -exclude .hg -exclude Headers -exclude PrivateHeaders -exclude Modules -exclude \*.tbd -resolve-src-symlinks /Users/ban/Library/Developer/Xcode/DerivedData/Clocker-hedsfmwngzzibwbekcsaudypqlfo/Build/Products/Debug/PTHotKey.framework /Users/ban/Library/Developer/Xcode/DerivedData/Clocker-hedsfmwngzzibwbekcsaudypqlfo/Build/Products/Debug/Clocker.app/Contents/Frameworks

CodeSign /Users/ban/Library/Developer/Xcode/DerivedData/Clocker-hedsfmwngzzibwbekcsaudypqlfo/Build/Products/Debug/Clocker.app/Contents/Frameworks/PTHotKey.framework/Versions/A (in target: Clocker)
    cd /Users/ban/Documents/GitHub/Clocker/Clocker
    export CODESIGN_ALLOCATE=/Applications/Xcode_10.2_fb.app/Contents/Developer/Toolchains/XcodeDefault.xctoolchain/usr/bin/codesign_allocate
    
Signing Identity:     "-"

    /usr/bin/codesign --force --sign - --timestamp=none --preserve-metadata=identifier,entitlements,flags /Users/ban/Library/Developer/Xcode/DerivedData/Clocker-hedsfmwngzzibwbekcsaudypqlfo/Build/Products/Debug/Clocker.app/Contents/Frameworks/PTHotKey.framework/Versions/A

CodeSign /Users/ban/Library/Developer/Xcode/DerivedData/Clocker-hedsfmwngzzibwbekcsaudypqlfo/Build/Products/Debug/Clocker.app/Contents/Frameworks/ShortcutRecorder.framework/Versions/A (in target: Clocker)
    cd /Users/ban/Documents/GitHub/Clocker/Clocker
    export CODESIGN_ALLOCATE=/Applications/Xcode_10.2_fb.app/Contents/Developer/Toolchains/XcodeDefault.xctoolchain/usr/bin/codesign_allocate
    
Signing Identity:     "-"

    /usr/bin/codesign --force --sign - --timestamp=none --preserve-metadata=identifier,entitlements,flags /Users/ban/Library/Developer/Xcode/DerivedData/Clocker-hedsfmwngzzibwbekcsaudypqlfo/Build/Products/Debug/Clocker.app/Contents/Frameworks/ShortcutRecorder.framework/Versions/A

PhaseScriptExecution Move\ .app\ to\ Applications /Users/ban/Library/Developer/Xcode/DerivedData/Clocker-hedsfmwngzzibwbekcsaudypqlfo/Build/Intermediates.noindex/Clocker.build/Debug/Clocker.build/Script-C2A632A020EAC5EE00EB6BEA.sh (in target: Clocker)
    cd /Users/ban/Documents/GitHub/Clocker/Clocker
    export ACTION=build
    export ALTERNATE_GROUP=1876110778
    export ALTERNATE_MODE=u+w,go-w,a+rX
    export ALTERNATE_OWNER=ban
    export ALWAYS_EMBED_SWIFT_STANDARD_LIBRARIES=NO
    export ALWAYS_SEARCH_USER_PATHS=NO
    export ALWAYS_USE_SEPARATE_HEADERMAPS=NO
    export APPLE_INTERNAL_DEVELOPER_DIR=/AppleInternal/Developer
    export APPLE_INTERNAL_DIR=/AppleInternal
    export APPLE_INTERNAL_DOCUMENTATION_DIR=/AppleInternal/Documentation
    export APPLE_INTERNAL_LIBRARY_DIR=/AppleInternal/Library
    export APPLE_INTERNAL_TOOLS=/AppleInternal/Developer/Tools
    export APPLICATION_EXTENSION_API_ONLY=NO
    export APPLY_RULES_IN_COPY_FILES=NO
    export ARCHS=x86_64
    export ARCHS_STANDARD=x86_64
    export ARCHS_STANDARD_32_64_BIT="x86_64 i386"
    export ARCHS_STANDARD_32_BIT=i386
    export ARCHS_STANDARD_64_BIT=x86_64
    export ARCHS_STANDARD_INCLUDING_64_BIT=x86_64
    export ASSETCATALOG_COMPILER_APPICON_NAME=AppIcon
    export AVAILABLE_PLATFORMS="appletvos appletvsimulator iphoneos iphonesimulator macosx watchos watchsimulator"
    export BITCODE_GENERATION_MODE=marker
    export BUILD_ACTIVE_RESOURCES_ONLY=NO
    export BUILD_COMPONENTS="headers build"
    export BUILD_DIR=/Users/ban/Library/Developer/Xcode/DerivedData/Clocker-hedsfmwngzzibwbekcsaudypqlfo/Build/Products
    export BUILD_ROOT=/Users/ban/Library/Developer/Xcode/DerivedData/Clocker-hedsfmwngzzibwbekcsaudypqlfo/Build/Products
    export BUILD_STYLE=
    export BUILD_VARIANTS=normal
    export BUILT_PRODUCTS_DIR=/Users/ban/Library/Developer/Xcode/DerivedData/Clocker-hedsfmwngzzibwbekcsaudypqlfo/Build/Products/Debug
    export CACHE_ROOT=/var/folders/r7/3v42n4q52fsft8jwnm5htq3s0wgch_/C/com.apple.DeveloperTools/10.2-10E125/Xcode
    export CCHROOT=/var/folders/r7/3v42n4q52fsft8jwnm5htq3s0wgch_/C/com.apple.DeveloperTools/10.2-10E125/Xcode
    export CHMOD=/bin/chmod
    export CHOWN=/usr/sbin/chown
    export CLANG_ANALYZER_LOCALIZABILITY_NONLOCALIZED=YES
    export CLANG_COVERAGE_MAPPING=YES
    export CLANG_ENABLE_MODULES=YES
    export CLANG_ENABLE_OBJC_ARC=YES
    export CLANG_MODULES_BUILD_SESSION_FILE=/Users/ban/Library/Developer/Xcode/DerivedData/ModuleCache.noindex/Session.modulevalidation
    export CLANG_PROFILE_DATA_DIRECTORY=/Users/ban/Library/Developer/Xcode/DerivedData/Clocker-hedsfmwngzzibwbekcsaudypqlfo/Build/ProfileData
    export CLANG_WARN_BLOCK_CAPTURE_AUTORELEASING=YES
    export CLANG_WARN_BOOL_CONVERSION=YES
    export CLANG_WARN_COMMA=YES
    export CLANG_WARN_CONSTANT_CONVERSION=YES
    export CLANG_WARN_DEPRECATED_OBJC_IMPLEMENTATIONS=YES
    export CLANG_WARN_EMPTY_BODY=YES
    export CLANG_WARN_ENUM_CONVERSION=YES
    export CLANG_WARN_INFINITE_RECURSION=YES
    export CLANG_WARN_INT_CONVERSION=YES
    export CLANG_WARN_NON_LITERAL_NULL_CONVERSION=YES
    export CLANG_WARN_OBJC_IMPLICIT_RETAIN_SELF=YES
    export CLANG_WARN_OBJC_LITERAL_CONVERSION=YES
    export CLANG_WARN_RANGE_LOOP_ANALYSIS=YES
    export CLANG_WARN_STRICT_PROTOTYPES=YES
    export CLANG_WARN_SUSPICIOUS_MOVE=YES
    export CLANG_WARN_UNREACHABLE_CODE=YES
    export CLANG_WARN__DUPLICATE_METHOD_MATCH=YES
    export CLASS_FILE_DIR=/Users/ban/Library/Developer/Xcode/DerivedData/Clocker-hedsfmwngzzibwbekcsaudypqlfo/Build/Intermediates.noindex/Clocker.build/Debug/Clocker.build/JavaClasses
    export CLEAN_PRECOMPS=YES
    export CLONE_HEADERS=NO
    export CODESIGNING_FOLDER_PATH=/Users/ban/Library/Developer/Xcode/DerivedData/Clocker-hedsfmwngzzibwbekcsaudypqlfo/Build/Products/Debug/Clocker.app
    export CODE_SIGNING_ALLOWED=YES
    export CODE_SIGN_ENTITLEMENTS=Clocker/Clocker.entitlements
    export CODE_SIGN_IDENTITY=-
    export CODE_SIGN_INJECT_BASE_ENTITLEMENTS=YES
    export CODE_SIGN_STYLE=Manual
    export COLOR_DIAGNOSTICS=NO
    export COMBINE_HIDPI_IMAGES=YES
    export COMPILER_INDEX_STORE_ENABLE=Default
    export COMPOSITE_SDK_DIRS=/Users/ban/Library/Developer/Xcode/DerivedData/Clocker-hedsfmwngzzibwbekcsaudypqlfo/Build/Intermediates.noindex/CompositeSDKs
    export COMPRESS_PNG_FILES=NO
    export CONFIGURATION=Debug
    export CONFIGURATION_BUILD_DIR=/Users/ban/Library/Developer/Xcode/DerivedData/Clocker-hedsfmwngzzibwbekcsaudypqlfo/Build/Products/Debug
    export CONFIGURATION_TEMP_DIR=/Users/ban/Library/Developer/Xcode/DerivedData/Clocker-hedsfmwngzzibwbekcsaudypqlfo/Build/Intermediates.noindex/Clocker.build/Debug
    export CONTENTS_FOLDER_PATH=Clocker.app/Contents
    export COPYING_PRESERVES_HFS_DATA=NO
    export COPY_HEADERS_RUN_UNIFDEF=NO
    export COPY_PHASE_STRIP=NO
    export COPY_RESOURCES_FROM_STATIC_FRAMEWORKS=YES
    export CP=/bin/cp
    export CREATE_INFOPLIST_SECTION_IN_BINARY=NO
    export CURRENT_ARCH=undefined_arch
    export CURRENT_VARIANT=normal
    export DEAD_CODE_STRIPPING=NO
    export DEBUGGING_SYMBOLS=YES
    export DEBUG_INFORMATION_FORMAT=dwarf-with-dsym
    export DEFAULT_COMPILER=com.apple.compilers.llvm.clang.1_0
    export DEFAULT_KEXT_INSTALL_PATH=/System/Library/Extensions
    export DEFINES_MODULE=YES
    export DEPLOYMENT_LOCATION=NO
    export DEPLOYMENT_POSTPROCESSING=NO
    export DEPLOYMENT_TARGET_CLANG_ENV_NAME=MACOSX_DEPLOYMENT_TARGET
    export DEPLOYMENT_TARGET_CLANG_FLAG_NAME=mmacosx-version-min
    export DEPLOYMENT_TARGET_LD_ENV_NAME=MACOSX_DEPLOYMENT_TARGET
    export DEPLOYMENT_TARGET_LD_FLAG_NAME=macosx_version_min
    export DEPLOYMENT_TARGET_SETTING_NAME=MACOSX_DEPLOYMENT_TARGET
    export DEPLOYMENT_TARGET_SUGGESTED_VALUES="10.6 10.7 10.8 10.9 10.10 10.11 10.12 10.13 10.14"
    export DERIVED_FILES_DIR=/Users/ban/Library/Developer/Xcode/DerivedData/Clocker-hedsfmwngzzibwbekcsaudypqlfo/Build/Intermediates.noindex/Clocker.build/Debug/Clocker.build/DerivedSources
    export DERIVED_FILE_DIR=/Users/ban/Library/Developer/Xcode/DerivedData/Clocker-hedsfmwngzzibwbekcsaudypqlfo/Build/Intermediates.noindex/Clocker.build/Debug/Clocker.build/DerivedSources
    export DERIVED_SOURCES_DIR=/Users/ban/Library/Developer/Xcode/DerivedData/Clocker-hedsfmwngzzibwbekcsaudypqlfo/Build/Intermediates.noindex/Clocker.build/Debug/Clocker.build/DerivedSources
    export DEVELOPER_APPLICATIONS_DIR=/Applications/Xcode_10.2_fb.app/Contents/Developer/Applications
    export DEVELOPER_BIN_DIR=/Applications/Xcode_10.2_fb.app/Contents/Developer/usr/bin
    export DEVELOPER_DIR=/Applications/Xcode_10.2_fb.app/Contents/Developer
    export DEVELOPER_FRAMEWORKS_DIR=/Applications/Xcode_10.2_fb.app/Contents/Developer/Library/Frameworks
    export DEVELOPER_FRAMEWORKS_DIR_QUOTED=/Applications/Xcode_10.2_fb.app/Contents/Developer/Library/Frameworks
    export DEVELOPER_LIBRARY_DIR=/Applications/Xcode_10.2_fb.app/Contents/Developer/Library
    export DEVELOPER_SDK_DIR=/Applications/Xcode_10.2_fb.app/Contents/Developer/Platforms/MacOSX.platform/Developer/SDKs
    export DEVELOPER_TOOLS_DIR=/Applications/Xcode_10.2_fb.app/Contents/Developer/Tools
    export DEVELOPER_USR_DIR=/Applications/Xcode_10.2_fb.app/Contents/Developer/usr
    export DEVELOPMENT_LANGUAGE=English
    export DOCUMENTATION_FOLDER_PATH=Clocker.app/Contents/Resources/English.lproj/Documentation
    export DO_HEADER_SCANNING_IN_JAM=NO
    export DSTROOT=/tmp/Clocker.dst
    export DT_TOOLCHAIN_DIR=/Applications/Xcode_10.2_fb.app/Contents/Developer/Toolchains/XcodeDefault.xctoolchain
    export DWARF_DSYM_FILE_NAME=Clocker.app.dSYM
    export DWARF_DSYM_FILE_SHOULD_ACCOMPANY_PRODUCT=NO
    export DWARF_DSYM_FOLDER_PATH=/Users/ban/Library/Developer/Xcode/DerivedData/Clocker-hedsfmwngzzibwbekcsaudypqlfo/Build/Products/Debug
    export EMBEDDED_CONTENT_CONTAINS_SWIFT=NO
    export EMBEDDED_PROFILE_NAME=embedded.provisionprofile
    export EMBED_ASSET_PACKS_IN_PRODUCT_BUNDLE=NO
    export ENABLE_BITCODE=NO
    export ENABLE_DEFAULT_HEADER_SEARCH_PATHS=YES
    export ENABLE_HEADER_DEPENDENCIES=YES
    export ENABLE_ON_DEMAND_RESOURCES=NO
    export ENABLE_STRICT_OBJC_MSGSEND=YES
    export ENABLE_TESTABILITY=YES
    export EXCLUDED_INSTALLSRC_SUBDIRECTORY_PATTERNS=".DS_Store .svn .git .hg CVS"
    export EXCLUDED_RECURSIVE_SEARCH_PATH_SUBDIRECTORIES="*.nib *.lproj *.framework *.gch *.xcode* *.xcassets (*) .DS_Store CVS .svn .git .hg *.pbproj *.pbxproj"
    export EXECUTABLES_FOLDER_PATH=Clocker.app/Contents/Executables
    export EXECUTABLE_FOLDER_PATH=Clocker.app/Contents/MacOS
    export EXECUTABLE_NAME=Clocker
    export EXECUTABLE_PATH=Clocker.app/Contents/MacOS/Clocker
    export EXPANDED_CODE_SIGN_IDENTITY=-
    export EXPANDED_CODE_SIGN_IDENTITY_NAME=-
    export FILE_LIST=/Users/ban/Library/Developer/Xcode/DerivedData/Clocker-hedsfmwngzzibwbekcsaudypqlfo/Build/Intermediates.noindex/Clocker.build/Debug/Clocker.build/Objects/LinkFileList
    export FIXED_FILES_DIR=/Users/ban/Library/Developer/Xcode/DerivedData/Clocker-hedsfmwngzzibwbekcsaudypqlfo/Build/Intermediates.noindex/Clocker.build/Debug/Clocker.build/FixedFiles
    export FRAMEWORKS_FOLDER_PATH=Clocker.app/Contents/Frameworks
    export FRAMEWORK_FLAG_PREFIX=-framework
    export FRAMEWORK_SEARCH_PATHS="/Users/ban/Library/Developer/Xcode/DerivedData/Clocker-hedsfmwngzzibwbekcsaudypqlfo/Build/Products/Debug  /Users/ban/Documents/GitHub/Clocker/Clocker /Users/ban/Documents/GitHub/Clocker/Clocker/Frameworks"
    export FRAMEWORK_VERSION=A
    export FULL_PRODUCT_NAME=Clocker.app
    export GCC3_VERSION=3.3
    export GCC_C_LANGUAGE_STANDARD=gnu99
    export GCC_DYNAMIC_NO_PIC=NO
    export GCC_ENABLE_OBJC_EXCEPTIONS=YES
    export GCC_INLINES_ARE_PRIVATE_EXTERN=YES
    export GCC_NO_COMMON_BLOCKS=YES
    export GCC_OPTIMIZATION_LEVEL=0
    export GCC_PFE_FILE_C_DIALECTS="c objective-c c++ objective-c++"
    export GCC_PRECOMPILE_PREFIX_HEADER=YES
    export GCC_PREFIX_HEADER=Clocker/Clocker-Prefix.pch
    export GCC_PREPROCESSOR_DEFINITIONS=DEBUG
    export GCC_SYMBOLS_PRIVATE_EXTERN=NO
    export GCC_TREAT_WARNINGS_AS_ERRORS=NO
    export GCC_VERSION=com.apple.compilers.llvm.clang.1_0
    export GCC_VERSION_IDENTIFIER=com_apple_compilers_llvm_clang_1_0
    export GCC_WARN_64_TO_32_BIT_CONVERSION=YES
    export GCC_WARN_ABOUT_DEPRECATED_FUNCTIONS=YES
    export GCC_WARN_ABOUT_MISSING_PROTOTYPES=YES
    export GCC_WARN_ABOUT_RETURN_TYPE=YES
    export GCC_WARN_UNDECLARED_SELECTOR=YES
    export GCC_WARN_UNINITIALIZED_AUTOS=YES
    export GCC_WARN_UNUSED_FUNCTION=YES
    export GCC_WARN_UNUSED_LABEL=YES
    export GCC_WARN_UNUSED_PARAMETER=YES
    export GCC_WARN_UNUSED_VARIABLE=YES
    export GENERATE_MASTER_OBJECT_FILE=NO
    export GENERATE_PKGINFO_FILE=YES
    export GENERATE_PROFILING_CODE=NO
    export GENERATE_TEXT_BASED_STUBS=NO
    export GID=1876110778
    export GROUP=1876110778
    export HEADERMAP_INCLUDES_FLAT_ENTRIES_FOR_TARGET_BEING_BUILT=YES
    export HEADERMAP_INCLUDES_FRAMEWORK_ENTRIES_FOR_ALL_PRODUCT_TYPES=YES
    export HEADERMAP_INCLUDES_NONPUBLIC_NONPRIVATE_HEADERS=YES
    export HEADERMAP_INCLUDES_PROJECT_HEADERS=YES
    export HEADERMAP_USES_FRAMEWORK_PREFIX_ENTRIES=YES
    export HEADERMAP_USES_VFS=YES
    export HEADER_SEARCH_PATHS="/Users/ban/Library/Developer/Xcode/DerivedData/Clocker-hedsfmwngzzibwbekcsaudypqlfo/Build/Products/Debug/include "
    export HIDE_BITCODE_SYMBOLS=YES
    export HOME=/Users/ban
    export ICONV=/usr/bin/iconv
    export INFOPLIST_EXPAND_BUILD_SETTINGS=YES
    export INFOPLIST_FILE=Clocker/Clocker-Info.plist
    export INFOPLIST_OUTPUT_FORMAT=same-as-input
    export INFOPLIST_PATH=Clocker.app/Contents/Info.plist
    export INFOPLIST_PREPROCESS=NO
    export INFOSTRINGS_PATH=Clocker.app/Contents/Resources/English.lproj/InfoPlist.strings
    export INLINE_PRIVATE_FRAMEWORKS=NO
    export INSTALLHDRS_COPY_PHASE=NO
    export INSTALLHDRS_SCRIPT_PHASE=NO
    export INSTALL_DIR=/tmp/Clocker.dst/Applications
    export INSTALL_GROUP=1876110778
    export INSTALL_MODE_FLAG=u+w,go-w,a+rX
    export INSTALL_OWNER=ban
    export INSTALL_PATH=/Applications
    export INSTALL_ROOT=/tmp/Clocker.dst
    export JAVAC_DEFAULT_FLAGS="-J-Xms64m -J-XX:NewSize=4M -J-Dfile.encoding=UTF8"
    export JAVA_APP_STUB=/System/Library/Frameworks/JavaVM.framework/Resources/MacOS/JavaApplicationStub
    export JAVA_ARCHIVE_CLASSES=YES
    export JAVA_ARCHIVE_TYPE=JAR
    export JAVA_COMPILER=/usr/bin/javac
    export JAVA_FOLDER_PATH=Clocker.app/Contents/Resources/Java
    export JAVA_FRAMEWORK_RESOURCES_DIRS=Resources
    export JAVA_JAR_FLAGS=cv
    export JAVA_SOURCE_SUBDIR=.
    export JAVA_USE_DEPENDENCIES=YES
    export JAVA_ZIP_FLAGS=-urg
    export JIKES_DEFAULT_FLAGS="+E +OLDCSO"
    export KASAN_DEFAULT_CFLAGS="-DKASAN=1 -fsanitize=address -mllvm -asan-globals-live-support -mllvm -asan-force-dynamic-shadow"
    export KEEP_PRIVATE_EXTERNS=NO
    export LD_DEPENDENCY_INFO_FILE=/Users/ban/Library/Developer/Xcode/DerivedData/Clocker-hedsfmwngzzibwbekcsaudypqlfo/Build/Intermediates.noindex/Clocker.build/Debug/Clocker.build/Objects-normal/undefined_arch/Clocker_dependency_info.dat
    export LD_GENERATE_MAP_FILE=NO
    export LD_MAP_FILE_PATH=/Users/ban/Library/Developer/Xcode/DerivedData/Clocker-hedsfmwngzzibwbekcsaudypqlfo/Build/Intermediates.noindex/Clocker.build/Debug/Clocker.build/Clocker-LinkMap-normal-undefined_arch.txt
    export LD_NO_PIE=NO
    export LD_QUOTE_LINKER_ARGUMENTS_FOR_COMPILER_DRIVER=YES
    export LD_RUNPATH_SEARCH_PATHS=" @executable_path/../Frameworks"
    export LEGACY_DEVELOPER_DIR=/Applications/Xcode_10.2_fb.app/Contents/PlugIns/Xcode3Core.ideplugin/Contents/SharedSupport/Developer
    export LEX=lex
    export LIBRARY_FLAG_NOSPACE=YES
    export LIBRARY_FLAG_PREFIX=-l
    export LIBRARY_KEXT_INSTALL_PATH=/Library/Extensions
    export LIBRARY_SEARCH_PATHS="/Users/ban/Library/Developer/Xcode/DerivedData/Clocker-hedsfmwngzzibwbekcsaudypqlfo/Build/Products/Debug "
    export LINKER_DISPLAYS_MANGLED_NAMES=NO
    export LINK_FILE_LIST_normal_x86_64=/Users/ban/Library/Developer/Xcode/DerivedData/Clocker-hedsfmwngzzibwbekcsaudypqlfo/Build/Intermediates.noindex/Clocker.build/Debug/Clocker.build/Objects-normal/x86_64/Clocker.LinkFileList
    export LINK_WITH_STANDARD_LIBRARIES=YES
    export LOCALIZED_RESOURCES_FOLDER_PATH=Clocker.app/Contents/Resources/English.lproj
    export LOCALIZED_STRING_MACRO_NAMES="NSLocalizedString CFLocalizedString"
    export LOCAL_ADMIN_APPS_DIR=/Applications/Utilities
    export LOCAL_APPS_DIR=/Applications
    export LOCAL_DEVELOPER_DIR=/Library/Developer
    export LOCAL_LIBRARY_DIR=/Library
    export LOCROOT=/Users/ban/Documents/GitHub/Clocker/Clocker
    export LOCSYMROOT=/Users/ban/Documents/GitHub/Clocker/Clocker
    export MACH_O_TYPE=mh_execute
    export MACOSX_DEPLOYMENT_TARGET=10.12
    export MAC_OS_X_PRODUCT_BUILD_VERSION=18E226
    export MAC_OS_X_VERSION_ACTUAL=101404
    export MAC_OS_X_VERSION_MAJOR=101400
    export MAC_OS_X_VERSION_MINOR=1404
    export METAL_LIBRARY_FILE_BASE=default
    export METAL_LIBRARY_OUTPUT_DIR=/Users/ban/Library/Developer/Xcode/DerivedData/Clocker-hedsfmwngzzibwbekcsaudypqlfo/Build/Products/Debug/Clocker.app/Contents/Resources
    export MODULE_CACHE_DIR=/Users/ban/Library/Developer/Xcode/DerivedData/ModuleCache.noindex
    export NATIVE_ARCH=i386
    export NATIVE_ARCH_32_BIT=i386
    export NATIVE_ARCH_64_BIT=x86_64
    export NATIVE_ARCH_ACTUAL=x86_64
    export NO_COMMON=YES
    export OBJECT_FILE_DIR=/Users/ban/Library/Developer/Xcode/DerivedData/Clocker-hedsfmwngzzibwbekcsaudypqlfo/Build/Intermediates.noindex/Clocker.build/Debug/Clocker.build/Objects
    export OBJECT_FILE_DIR_normal=/Users/ban/Library/Developer/Xcode/DerivedData/Clocker-hedsfmwngzzibwbekcsaudypqlfo/Build/Intermediates.noindex/Clocker.build/Debug/Clocker.build/Objects-normal
    export OBJROOT=/Users/ban/Library/Developer/Xcode/DerivedData/Clocker-hedsfmwngzzibwbekcsaudypqlfo/Build/Intermediates.noindex
    export ONLY_ACTIVE_ARCH=NO
    export OS=MACOS
    export OSAC=/usr/bin/osacompile
    export OTHER_SWIFT_FLAGS="-D DEBUG"
    export PACKAGE_TYPE=com.apple.package-type.wrapper.application
    export PASCAL_STRINGS=YES
    export PATH=/Applications/Xcode_10.2_fb.app/Contents/Developer/Toolchains/XcodeDefault.xctoolchain/usr/bin:/Applications/Xcode_10.2_fb.app/Contents/Developer/Toolchains/XcodeDefault.xctoolchain/usr/local/bin:/Applications/Xcode_10.2_fb.app/Contents/Developer/Toolchains/XcodeDefault.xctoolchain/usr/libexec:/Applications/Xcode_10.2_fb.app/Contents/Developer/Platforms/MacOSX.platform/usr/bin:/Applications/Xcode_10.2_fb.app/Contents/Developer/Platforms/MacOSX.platform/usr/local/bin:/Applications/Xcode_10.2_fb.app/Contents/Developer/Platforms/MacOSX.platform/Developer/usr/bin:/Applications/Xcode_10.2_fb.app/Contents/Developer/Platforms/MacOSX.platform/Developer/usr/local/bin:/Applications/Xcode_10.2_fb.app/Contents/Developer/usr/bin:/Applications/Xcode_10.2_fb.app/Contents/Developer/usr/local/bin:/opt/facebook/bin:/usr/local/bin:/usr/bin:/bin:/usr/sbin:/sbin:/opt/facebook/bin/biggrep:/opt/facebook/nuclide/latest/nuclide/pkg/fb-on-demand-cli/bin:/opt/facebook/ops/scripts/chef:/opt/homebrew/bin:/usr/local/munki:/opt/facebook/hg/bin
    export PATH_PREFIXES_EXCLUDED_FROM_HEADER_DEPENDENCIES="/usr/include /usr/local/include /System/Library/Frameworks /System/Library/PrivateFrameworks /Applications/Xcode_10.2_fb.app/Contents/Developer/Headers /Applications/Xcode_10.2_fb.app/Contents/Developer/SDKs /Applications/Xcode_10.2_fb.app/Contents/Developer/Platforms"
    export PBDEVELOPMENTPLIST_PATH=Clocker.app/Contents/pbdevelopment.plist
    export PER_ARCH_OBJECT_FILE_DIR=/Users/ban/Library/Developer/Xcode/DerivedData/Clocker-hedsfmwngzzibwbekcsaudypqlfo/Build/Intermediates.noindex/Clocker.build/Debug/Clocker.build/Objects-normal/undefined_arch
    export PER_VARIANT_OBJECT_FILE_DIR=/Users/ban/Library/Developer/Xcode/DerivedData/Clocker-hedsfmwngzzibwbekcsaudypqlfo/Build/Intermediates.noindex/Clocker.build/Debug/Clocker.build/Objects-normal
    export PKGINFO_FILE_PATH=/Users/ban/Library/Developer/Xcode/DerivedData/Clocker-hedsfmwngzzibwbekcsaudypqlfo/Build/Intermediates.noindex/Clocker.build/Debug/Clocker.build/PkgInfo
    export PKGINFO_PATH=Clocker.app/Contents/PkgInfo
    export PLATFORM_DEVELOPER_APPLICATIONS_DIR=/Applications/Xcode_10.2_fb.app/Contents/Developer/Applications
    export PLATFORM_DEVELOPER_BIN_DIR=/Applications/Xcode_10.2_fb.app/Contents/Developer/usr/bin
    export PLATFORM_DEVELOPER_LIBRARY_DIR=/Applications/Xcode_10.2_fb.app/Contents/Developer/Library
    export PLATFORM_DEVELOPER_SDK_DIR=/Applications/Xcode_10.2_fb.app/Contents/Developer/Platforms/MacOSX.platform/Developer/SDKs
    export PLATFORM_DEVELOPER_TOOLS_DIR=/Applications/Xcode_10.2_fb.app/Contents/Developer/Tools
    export PLATFORM_DEVELOPER_USR_DIR=/Applications/Xcode_10.2_fb.app/Contents/Developer/usr
    export PLATFORM_DIR=/Applications/Xcode_10.2_fb.app/Contents/Developer/Platforms/MacOSX.platform
    export PLATFORM_DISPLAY_NAME=macOS
    export PLATFORM_NAME=macosx
    export PLATFORM_PREFERRED_ARCH=x86_64
    export PLATFORM_PRODUCT_BUILD_VERSION=10E125
    export PLIST_FILE_OUTPUT_FORMAT=same-as-input
    export PLUGINS_FOLDER_PATH=Clocker.app/Contents/PlugIns
    export PRECOMPS_INCLUDE_HEADERS_FROM_BUILT_PRODUCTS_DIR=YES
    export PRECOMP_DESTINATION_DIR=/Users/ban/Library/Developer/Xcode/DerivedData/Clocker-hedsfmwngzzibwbekcsaudypqlfo/Build/Intermediates.noindex/Clocker.build/Debug/Clocker.build/PrefixHeaders
    export PRESERVE_DEAD_CODE_INITS_AND_TERMS=NO
    export PRIVATE_HEADERS_FOLDER_PATH=Clocker.app/Contents/PrivateHeaders
    export PRODUCT_BUNDLE_IDENTIFIER=com.abhishek.Clocker
    export PRODUCT_MODULE_NAME=Clocker
    export PRODUCT_NAME=Clocker
    export PRODUCT_SETTINGS_PATH=/Users/ban/Documents/GitHub/Clocker/Clocker/Clocker/Clocker-Info.plist
    export PRODUCT_TYPE=com.apple.product-type.application
    export PROFILING_CODE=NO
    export PROJECT=Clocker
    export PROJECT_DERIVED_FILE_DIR=/Users/ban/Library/Developer/Xcode/DerivedData/Clocker-hedsfmwngzzibwbekcsaudypqlfo/Build/Intermediates.noindex/Clocker.build/DerivedSources
    export PROJECT_DIR=/Users/ban/Documents/GitHub/Clocker/Clocker
    export PROJECT_FILE_PATH=/Users/ban/Documents/GitHub/Clocker/Clocker/Clocker.xcodeproj
    export PROJECT_NAME=Clocker
    export PROJECT_TEMP_DIR=/Users/ban/Library/Developer/Xcode/DerivedData/Clocker-hedsfmwngzzibwbekcsaudypqlfo/Build/Intermediates.noindex/Clocker.build
    export PROJECT_TEMP_ROOT=/Users/ban/Library/Developer/Xcode/DerivedData/Clocker-hedsfmwngzzibwbekcsaudypqlfo/Build/Intermediates.noindex
    export PUBLIC_HEADERS_FOLDER_PATH=Clocker.app/Contents/Headers
    export RECURSIVE_SEARCH_PATHS_FOLLOW_SYMLINKS=YES
    export REMOVE_CVS_FROM_RESOURCES=YES
    export REMOVE_GIT_FROM_RESOURCES=YES
    export REMOVE_HEADERS_FROM_EMBEDDED_BUNDLES=YES
    export REMOVE_HG_FROM_RESOURCES=YES
    export REMOVE_SVN_FROM_RESOURCES=YES
    export REZ_COLLECTOR_DIR=/Users/ban/Library/Developer/Xcode/DerivedData/Clocker-hedsfmwngzzibwbekcsaudypqlfo/Build/Intermediates.noindex/Clocker.build/Debug/Clocker.build/ResourceManagerResources
    export REZ_OBJECTS_DIR=/Users/ban/Library/Developer/Xcode/DerivedData/Clocker-hedsfmwngzzibwbekcsaudypqlfo/Build/Intermediates.noindex/Clocker.build/Debug/Clocker.build/ResourceManagerResources/Objects
    export REZ_SEARCH_PATHS="/Users/ban/Library/Developer/Xcode/DerivedData/Clocker-hedsfmwngzzibwbekcsaudypqlfo/Build/Products/Debug "
    export SCAN_ALL_SOURCE_FILES_FOR_INCLUDES=NO
    export SCRIPTS_FOLDER_PATH=Clocker.app/Contents/Resources/Scripts
    export SCRIPT_INPUT_FILE_COUNT=0
    export SCRIPT_INPUT_FILE_LIST_COUNT=0
    export SCRIPT_OUTPUT_FILE_COUNT=0
    export SCRIPT_OUTPUT_FILE_LIST_COUNT=0
    export SDKROOT=/Applications/Xcode_10.2_fb.app/Contents/Developer/Platforms/MacOSX.platform/Developer/SDKs/MacOSX10.14.sdk
    export SDK_DIR=/Applications/Xcode_10.2_fb.app/Contents/Developer/Platforms/MacOSX.platform/Developer/SDKs/MacOSX10.14.sdk
    export SDK_DIR_macosx10_14=/Applications/Xcode_10.2_fb.app/Contents/Developer/Platforms/MacOSX.platform/Developer/SDKs/MacOSX10.14.sdk
    export SDK_NAME=macosx10.14
    export SDK_NAMES=macosx10.14
    export SDK_PRODUCT_BUILD_VERSION=18E219
    export SDK_VERSION=10.14
    export SDK_VERSION_ACTUAL=101400
    export SDK_VERSION_MAJOR=101400
    export SDK_VERSION_MINOR=1400
    export SED=/usr/bin/sed
    export SEPARATE_STRIP=NO
    export SEPARATE_SYMBOL_EDIT=NO
    export SET_DIR_MODE_OWNER_GROUP=YES
    export SET_FILE_MODE_OWNER_GROUP=NO
    export SHALLOW_BUNDLE=NO
    export SHARED_DERIVED_FILE_DIR=/Users/ban/Library/Developer/Xcode/DerivedData/Clocker-hedsfmwngzzibwbekcsaudypqlfo/Build/Products/Debug/DerivedSources
    export SHARED_FRAMEWORKS_FOLDER_PATH=Clocker.app/Contents/SharedFrameworks
    export SHARED_PRECOMPS_DIR=/Users/ban/Library/Developer/Xcode/DerivedData/Clocker-hedsfmwngzzibwbekcsaudypqlfo/Build/Intermediates.noindex/PrecompiledHeaders
    export SHARED_SUPPORT_FOLDER_PATH=Clocker.app/Contents/SharedSupport
    export SKIP_INSTALL=NO
    export SOURCE_ROOT=/Users/ban/Documents/GitHub/Clocker/Clocker
    export SRCROOT=/Users/ban/Documents/GitHub/Clocker/Clocker
    export STRINGS_FILE_OUTPUT_ENCODING=UTF-16
    export STRIP_BITCODE_FROM_COPIED_FILES=NO
    export STRIP_INSTALLED_PRODUCT=YES
    export STRIP_PNG_TEXT=NO
    export STRIP_STYLE=all
    export STRIP_SWIFT_SYMBOLS=YES
    export SUPPORTED_PLATFORMS=macosx
    export SUPPORTS_TEXT_BASED_API=NO
    export SWIFT_OBJC_BRIDGING_HEADER=Clocker-Bridging-Header.h
    export SWIFT_OPTIMIZATION_LEVEL=-Onone
    export SWIFT_PLATFORM_TARGET_PREFIX=macosx
    export SWIFT_VERSION=5.0
    export SYMROOT=/Users/ban/Library/Developer/Xcode/DerivedData/Clocker-hedsfmwngzzibwbekcsaudypqlfo/Build/Products
    export SYSTEM_ADMIN_APPS_DIR=/Applications/Utilities
    export SYSTEM_APPS_DIR=/Applications
    export SYSTEM_CORE_SERVICES_DIR=/System/Library/CoreServices
    export SYSTEM_DEMOS_DIR=/Applications/Extras
    export SYSTEM_DEVELOPER_APPS_DIR=/Applications/Xcode_10.2_fb.app/Contents/Developer/Applications
    export SYSTEM_DEVELOPER_BIN_DIR=/Applications/Xcode_10.2_fb.app/Contents/Developer/usr/bin
    export SYSTEM_DEVELOPER_DEMOS_DIR="/Applications/Xcode_10.2_fb.app/Contents/Developer/Applications/Utilities/Built Examples"
    export SYSTEM_DEVELOPER_DIR=/Applications/Xcode_10.2_fb.app/Contents/Developer
    export SYSTEM_DEVELOPER_DOC_DIR="/Applications/Xcode_10.2_fb.app/Contents/Developer/ADC Reference Library"
    export SYSTEM_DEVELOPER_GRAPHICS_TOOLS_DIR="/Applications/Xcode_10.2_fb.app/Contents/Developer/Applications/Graphics Tools"
    export SYSTEM_DEVELOPER_JAVA_TOOLS_DIR="/Applications/Xcode_10.2_fb.app/Contents/Developer/Applications/Java Tools"
    export SYSTEM_DEVELOPER_PERFORMANCE_TOOLS_DIR="/Applications/Xcode_10.2_fb.app/Contents/Developer/Applications/Performance Tools"
    export SYSTEM_DEVELOPER_RELEASENOTES_DIR="/Applications/Xcode_10.2_fb.app/Contents/Developer/ADC Reference Library/releasenotes"
    export SYSTEM_DEVELOPER_TOOLS=/Applications/Xcode_10.2_fb.app/Contents/Developer/Tools
    export SYSTEM_DEVELOPER_TOOLS_DOC_DIR="/Applications/Xcode_10.2_fb.app/Contents/Developer/ADC Reference Library/documentation/DeveloperTools"
    export SYSTEM_DEVELOPER_TOOLS_RELEASENOTES_DIR="/Applications/Xcode_10.2_fb.app/Contents/Developer/ADC Reference Library/releasenotes/DeveloperTools"
    export SYSTEM_DEVELOPER_USR_DIR=/Applications/Xcode_10.2_fb.app/Contents/Developer/usr
    export SYSTEM_DEVELOPER_UTILITIES_DIR=/Applications/Xcode_10.2_fb.app/Contents/Developer/Applications/Utilities
    export SYSTEM_DOCUMENTATION_DIR=/Library/Documentation
    export SYSTEM_KEXT_INSTALL_PATH=/System/Library/Extensions
    export SYSTEM_LIBRARY_DIR=/System/Library
    export TAPI_VERIFY_MODE=ErrorsOnly
    export TARGETNAME=Clocker
    export TARGET_BUILD_DIR=/Users/ban/Library/Developer/Xcode/DerivedData/Clocker-hedsfmwngzzibwbekcsaudypqlfo/Build/Products/Debug
    export TARGET_NAME=Clocker
    export TARGET_TEMP_DIR=/Users/ban/Library/Developer/Xcode/DerivedData/Clocker-hedsfmwngzzibwbekcsaudypqlfo/Build/Intermediates.noindex/Clocker.build/Debug/Clocker.build
    export TEMP_DIR=/Users/ban/Library/Developer/Xcode/DerivedData/Clocker-hedsfmwngzzibwbekcsaudypqlfo/Build/Intermediates.noindex/Clocker.build/Debug/Clocker.build
    export TEMP_FILES_DIR=/Users/ban/Library/Developer/Xcode/DerivedData/Clocker-hedsfmwngzzibwbekcsaudypqlfo/Build/Intermediates.noindex/Clocker.build/Debug/Clocker.build
    export TEMP_FILE_DIR=/Users/ban/Library/Developer/Xcode/DerivedData/Clocker-hedsfmwngzzibwbekcsaudypqlfo/Build/Intermediates.noindex/Clocker.build/Debug/Clocker.build
    export TEMP_ROOT=/Users/ban/Library/Developer/Xcode/DerivedData/Clocker-hedsfmwngzzibwbekcsaudypqlfo/Build/Intermediates.noindex
    export TEST_HOST=Clocker
    export TOOLCHAINS=com.apple.dt.toolchain.XcodeDefault
    export TOOLCHAIN_DIR=/Applications/Xcode_10.2_fb.app/Contents/Developer/Toolchains/XcodeDefault.xctoolchain
    export TREAT_MISSING_BASELINES_AS_TEST_FAILURES=NO
    export UID=1103606282
    export UNLOCALIZED_RESOURCES_FOLDER_PATH=Clocker.app/Contents/Resources
    export UNSTRIPPED_PRODUCT=NO
    export USER=ban
    export USER_APPS_DIR=/Users/ban/Applications
    export USER_LIBRARY_DIR=/Users/ban/Library
    export USE_DYNAMIC_NO_PIC=YES
    export USE_HEADERMAP=YES
    export USE_HEADER_SYMLINKS=NO
    export VALIDATE_PRODUCT=NO
    export VALID_ARCHS="i386 x86_64"
    export VERBOSE_PBXCP=NO
    export VERSIONPLIST_PATH=Clocker.app/Contents/version.plist
    export VERSION_INFO_BUILDER=ban
    export VERSION_INFO_FILE=Clocker_vers.c
    export VERSION_INFO_STRING=""@(#)PROGRAM:Clocker  PROJECT:Clocker-""
    export WRAPPER_EXTENSION=app
    export WRAPPER_NAME=Clocker.app
    export WRAPPER_SUFFIX=.app
    export WRAP_ASSET_PACKS_IN_SEPARATE_DIRECTORIES=NO
    export XCODE_APP_SUPPORT_DIR=/Applications/Xcode_10.2_fb.app/Contents/Developer/Library/Xcode
    export XCODE_PRODUCT_BUILD_VERSION=10E125
    export XCODE_VERSION_ACTUAL=1020
    export XCODE_VERSION_MAJOR=1000
    export XCODE_VERSION_MINOR=1020
    export XPCSERVICES_FOLDER_PATH=Clocker.app/Contents/XPCServices
    export YACC=yacc
    export arch=undefined_arch
    export variant=normal
    /bin/sh -c /Users/ban/Library/Developer/Xcode/DerivedData/Clocker-hedsfmwngzzibwbekcsaudypqlfo/Build/Intermediates.noindex/Clocker.build/Debug/Clocker.build/Script-C2A632A020EAC5EE00EB6BEA.sh

CodeSign /Users/ban/Library/Developer/Xcode/DerivedData/Clocker-hedsfmwngzzibwbekcsaudypqlfo/Build/Products/Debug/Clocker.app (in target: Clocker)
    cd /Users/ban/Documents/GitHub/Clocker/Clocker
    export CODESIGN_ALLOCATE=/Applications/Xcode_10.2_fb.app/Contents/Developer/Toolchains/XcodeDefault.xctoolchain/usr/bin/codesign_allocate
    
Signing Identity:     "-"

    /usr/bin/codesign --force --sign - --entitlements /Users/ban/Library/Developer/Xcode/DerivedData/Clocker-hedsfmwngzzibwbekcsaudypqlfo/Build/Intermediates.noindex/Clocker.build/Debug/Clocker.build/Clocker.app.xcent --timestamp=none /Users/ban/Library/Developer/Xcode/DerivedData/Clocker-hedsfmwngzzibwbekcsaudypqlfo/Build/Products/Debug/Clocker.app
/Users/ban/Library/Developer/Xcode/DerivedData/Clocker-hedsfmwngzzibwbekcsaudypqlfo/Build/Products/Debug/Clocker.app: replacing existing signature

** BUILD SUCCEEDED **

